2026-07-06T00:59:32.916+0100 [INFO]  Terraform version: 1.6.6
2026-07-06T00:59:32.984+0100 [INFO]  Go runtime version: go1.21.5
2026-07-06T00:59:32.984+0100 [INFO]  CLI args: []string{"C:\\terraform\\terraform.exe", "init"}
2026-07-06T00:59:32.997+0100 [INFO]  CLI command args: []string{"init"}
2026-07-06T00:59:46.166+0100 [INFO]  Terraform version: 1.6.6
2026-07-06T00:59:46.228+0100 [INFO]  Go runtime version: go1.21.5
2026-07-06T00:59:46.228+0100 [INFO]  CLI args: []string{"C:\\terraform\\terraform.exe", "init"}
2026-07-06T00:59:46.244+0100 [INFO]  CLI command args: []string{"init"}
2026-07-06T00:59:54.920+0100 [WARN]  expired openpgp key from HashiCorp Security (hashicorp.com/security) <security@hashicorp.com>
2026-07-06T00:59:54.937+0100 [WARN]  expired openpgp key from HashiCorp Security (hashicorp.com/security) <security@hashicorp.com>
2026-07-06T01:00:04.912+0100 [INFO]  Terraform version: 1.6.6
2026-07-06T01:00:04.961+0100 [INFO]  Go runtime version: go1.21.5
2026-07-06T01:00:04.961+0100 [INFO]  CLI args: []string{"C:\\terraform\\terraform.exe", "validate"}
2026-07-06T01:00:04.974+0100 [INFO]  CLI command args: []string{"validate"}
2026-07-06T01:00:07.564+0100 [INFO]  provider: configuring client automatic mTLS
2026-07-06T01:00:08.199+0100 [INFO]  provider.terraform-provider-azurerm_v3.117.1_x5.exe: configuring server automatic mTLS: timestamp="2026-07-06T01:00:08.095+0100"
2026-07-06T01:00:15.066+0100 [INFO]  provider: configuring client automatic mTLS
2026-07-06T01:00:15.448+0100 [INFO]  provider.terraform-provider-azurerm_v3.117.1_x5.exe: configuring server automatic mTLS: timestamp="2026-07-06T01:00:15.326+0100"
2026-07-06T01:00:23.307+0100 [INFO]  Terraform version: 1.6.6
2026-07-06T01:00:23.403+0100 [INFO]  Go runtime version: go1.21.5
2026-07-06T01:00:23.404+0100 [INFO]  CLI args: []string{"C:\\terraform\\terraform.exe", "plan", "-no-color", "-out=tfplan"}
2026-07-06T01:00:23.420+0100 [INFO]  CLI command args: []string{"plan", "-no-color", "-out=tfplan"}
2026-07-06T01:00:25.969+0100 [INFO]  backend/local: starting Plan operation
2026-07-06T01:00:26.043+0100 [INFO]  provider: configuring client automatic mTLS
2026-07-06T01:00:26.365+0100 [INFO]  provider.terraform-provider-azurerm_v3.117.1_x5.exe: configuring server automatic mTLS: timestamp="2026-07-06T01:00:26.250+0100"
2026-07-06T01:00:30.820+0100 [INFO]  provider: configuring client automatic mTLS
2026-07-06T01:00:31.233+0100 [INFO]  provider.terraform-provider-azurerm_v3.117.1_x5.exe: configuring server automatic mTLS: timestamp="2026-07-06T01:00:31.156+0100"
2026-07-06T01:00:31.983+0100 [INFO]  backend/local: plan calling Plan
2026-07-06T01:00:32.008+0100 [INFO]  provider: configuring client automatic mTLS
2026-07-06T01:00:32.252+0100 [INFO]  provider.terraform-provider-azurerm_v3.117.1_x5.exe: configuring server automatic mTLS: timestamp="2026-07-06T01:00:32.151+0100"
2026-07-06T01:00:32.834+0100 [WARN]  ValidateProviderConfig from "provider[\"registry.terraform.io/hashicorp/azurerm\"]" changed the config value, but that value is unused
2026-07-06T01:00:40.982+0100 [WARN]  Provider "registry.terraform.io/hashicorp/azurerm" produced an invalid plan for azurerm_resource_group.main, but we are tolerating it because it is using the legacy plugin SDK.
    The following problems may be the cause of any confusing errors from downstream operations:
      - .location: planned value cty.StringVal("eastus") does not match config value cty.StringVal("East US")
2026-07-06T01:00:41.013+0100 [WARN]  Provider "registry.terraform.io/hashicorp/azurerm" produced an invalid plan for azurerm_public_ip.main, but we are tolerating it because it is using the legacy plugin SDK.
    The following problems may be the cause of any confusing errors from downstream operations:
      - .sku_tier: planned value cty.StringVal("Regional") for a non-computed attribute
      - .idle_timeout_in_minutes: planned value cty.NumberIntVal(4) for a non-computed attribute
      - .ip_version: planned value cty.StringVal("IPv4") for a non-computed attribute
      - .ddos_protection_mode: planned value cty.StringVal("VirtualNetworkInherited") for a non-computed attribute
2026-07-06T01:00:41.036+0100 [WARN]  Provider "registry.terraform.io/hashicorp/azurerm" produced an invalid plan for azurerm_subnet.main, but we are tolerating it because it is using the legacy plugin SDK.
    The following problems may be the cause of any confusing errors from downstream operations:
      - .default_outbound_access_enabled: planned value cty.True for a non-computed attribute
2026-07-06T01:00:41.039+0100 [WARN]  Provider "registry.terraform.io/hashicorp/azurerm" produced an invalid plan for azurerm_network_security_group.main, but we are tolerating it because it is using the legacy plugin SDK.
    The following problems may be the cause of any confusing errors from downstream operations:
      - .security_rule: planned value cty.SetVal([]cty.Value{cty.ObjectVal(map[string]cty.Value{"access":cty.StringVal("Allow"), "description":cty.StringVal(""), "destination_address_prefix":cty.StringVal("*"), "destination_address_prefixes":cty.SetValEmpty(cty.String), "destination_application_security_group_ids":cty.SetValEmpty(cty.String), "destination_port_range":cty.StringVal("3389"), "destination_port_ranges":cty.SetValEmpty(cty.String), "direction":cty.StringVal("Inbound"), "name":cty.StringVal("RDP"), "priority":cty.NumberIntVal(1000), "protocol":cty.StringVal("Tcp"), "source_address_prefix":cty.StringVal("*"), "source_address_prefixes":cty.SetValEmpty(cty.String), "source_application_security_group_ids":cty.SetValEmpty(cty.String), "source_port_range":cty.StringVal("*"), "source_port_ranges":cty.SetValEmpty(cty.String)}), cty.ObjectVal(map[string]cty.Value{"access":cty.StringVal("Allow"), "description":cty.StringVal(""), "destination_address_prefix":cty.StringVal("*"), "destination_address_prefixes":cty.SetValEmpty(cty.String), "destination_application_security_group_ids":cty.SetValEmpty(cty.String), "destination_port_range":cty.StringVal("5985"), "destination_port_ranges":cty.SetValEmpty(cty.String), "direction":cty.StringVal("Inbound"), "name":cty.StringVal("WinRM"), "priority":cty.NumberIntVal(1100), "protocol":cty.StringVal("Tcp"), "source_address_prefix":cty.StringVal("*"), "source_address_prefixes":cty.SetValEmpty(cty.String), "source_application_security_group_ids":cty.SetValEmpty(cty.String), "source_port_range":cty.StringVal("*"), "source_port_ranges":cty.SetValEmpty(cty.String)}), cty.ObjectVal(map[string]cty.Value{"access":cty.StringVal("Allow"), "description":cty.StringVal(""), "destination_address_prefix":cty.StringVal("*"), "destination_address_prefixes":cty.SetValEmpty(cty.String), "destination_application_security_group_ids":cty.SetValEmpty(cty.String), "destination_port_range":cty.StringVal("80"), "destination_port_ranges":cty.SetValEmpty(cty.String), "direction":cty.StringVal("Inbound"), "name":cty.StringVal("HTTP"), "priority":cty.NumberIntVal(1200), "protocol":cty.StringVal("Tcp"), "source_address_prefix":cty.StringVal("*"), "source_address_prefixes":cty.SetValEmpty(cty.String), "source_application_security_group_ids":cty.SetValEmpty(cty.String), "source_port_range":cty.StringVal("*"), "source_port_ranges":cty.SetValEmpty(cty.String)})}) does not match config value cty.SetVal([]cty.Value{cty.ObjectVal(map[string]cty.Value{"access":cty.StringVal("Allow"), "description":cty.NullVal(cty.String), "destination_address_prefix":cty.StringVal("*"), "destination_address_prefixes":cty.NullVal(cty.Set(cty.String)), "destination_application_security_group_ids":cty.NullVal(cty.Set(cty.String)), "destination_port_range":cty.StringVal("3389"), "destination_port_ranges":cty.NullVal(cty.Set(cty.String)), "direction":cty.StringVal("Inbound"), "name":cty.StringVal("RDP"), "priority":cty.NumberIntVal(1000), "protocol":cty.StringVal("Tcp"), "source_address_prefix":cty.StringVal("*"), "source_address_prefixes":cty.NullVal(cty.Set(cty.String)), "source_application_security_group_ids":cty.NullVal(cty.Set(cty.String)), "source_port_range":cty.StringVal("*"), "source_port_ranges":cty.NullVal(cty.Set(cty.String))}), cty.ObjectVal(map[string]cty.Value{"access":cty.StringVal("Allow"), "description":cty.NullVal(cty.String), "destination_address_prefix":cty.StringVal("*"), "destination_address_prefixes":cty.NullVal(cty.Set(cty.String)), "destination_application_security_group_ids":cty.NullVal(cty.Set(cty.String)), "destination_port_range":cty.StringVal("5985"), "destination_port_ranges":cty.NullVal(cty.Set(cty.String)), "direction":cty.StringVal("Inbound"), "name":cty.StringVal("WinRM"), "priority":cty.NumberIntVal(1100), "protocol":cty.StringVal("Tcp"), "source_address_prefix":cty.StringVal("*"), "source_address_prefixes":cty.NullVal(cty.Set(cty.String)), "source_application_security_group_ids":cty.NullVal(cty.Set(cty.String)), "source_port_range":cty.StringVal("*"), "source_port_ranges":cty.NullVal(cty.Set(cty.String))}), cty.ObjectVal(map[string]cty.Value{"access":cty.StringVal("Allow"), "description":cty.NullVal(cty.String), "destination_address_prefix":cty.StringVal("*"), "destination_address_prefixes":cty.NullVal(cty.Set(cty.String)), "destination_application_security_group_ids":cty.NullVal(cty.Set(cty.String)), "destination_port_range":cty.StringVal("80"), "destination_port_ranges":cty.NullVal(cty.Set(cty.String)), "direction":cty.StringVal("Inbound"), "name":cty.StringVal("HTTP"), "priority":cty.NumberIntVal(1200), "protocol":cty.StringVal("Tcp"), "source_address_prefix":cty.StringVal("*"), "source_address_prefixes":cty.NullVal(cty.Set(cty.String)), "source_application_security_group_ids":cty.NullVal(cty.Set(cty.String)), "source_port_range":cty.StringVal("*"), "source_port_ranges":cty.NullVal(cty.Set(cty.String))})})
2026-07-06T01:00:41.044+0100 [WARN]  Provider "registry.terraform.io/hashicorp/azurerm" produced an invalid plan for azurerm_network_interface.main, but we are tolerating it because it is using the legacy plugin SDK.
    The following problems may be the cause of any confusing errors from downstream operations:
      - .ip_configuration[0].private_ip_address_version: planned value cty.StringVal("IPv4") for a non-computed attribute
2026-07-06T01:00:41.065+0100 [WARN]  Provider "registry.terraform.io/hashicorp/azurerm" produced an invalid plan for azurerm_windows_virtual_machine.main, but we are tolerating it because it is using the legacy plugin SDK.
    The following problems may be the cause of any confusing errors from downstream operations:
      - .patch_assessment_mode: planned value cty.StringVal("ImageDefault") for a non-computed attribute
      - .platform_fault_domain: planned value cty.NumberIntVal(-1) for a non-computed attribute
      - .vm_agent_platform_updates_enabled: planned value cty.False for a non-computed attribute
      - .priority: planned value cty.StringVal("Regular") for a non-computed attribute
      - .network_interface_ids: planned value cty.UnknownVal(cty.List(cty.String)) does not match config value cty.ListVal([]cty.Value{cty.UnknownVal(cty.String)})
      - .allow_extension_operations: planned value cty.True for a non-computed attribute
      - .extensions_time_budget: planned value cty.StringVal("PT1H30M") for a non-computed attribute
      - .max_bid_price: planned value cty.NumberIntVal(-1) for a non-computed attribute
      - .provision_vm_agent: planned value cty.True for a non-computed attribute
      - .bypass_platform_safety_checks_on_user_schedule_enabled: planned value cty.False for a non-computed attribute
      - .os_disk[0].write_accelerator_enabled: planned value cty.False for a non-computed attribute
      - .termination_notification: attribute representing nested block must not be unknown itself; set nested attribute values to unknown instead
2026-07-06T01:00:41.121+0100 [INFO]  backend/local: plan operation completed
2026-07-06T01:00:41.121+0100 [INFO]  backend/local: writing plan output to: tfplan
2026-07-06T01:00:46.453+0100 [INFO]  Terraform version: 1.6.6
2026-07-06T01:00:46.505+0100 [INFO]  Go runtime version: go1.21.5
2026-07-06T01:00:46.505+0100 [INFO]  CLI args: []string{"C:\\terraform\\terraform.exe", "apply", "-auto-approve", "-lock-timeout=90m"}
2026-07-06T01:00:46.516+0100 [INFO]  CLI command args: []string{"apply", "-auto-approve", "-lock-timeout=90m"}
2026-07-06T01:00:48.905+0100 [INFO]  backend/local: starting Apply operation
2026-07-06T01:00:48.952+0100 [INFO]  provider: configuring client automatic mTLS
2026-07-06T01:00:49.271+0100 [INFO]  provider.terraform-provider-azurerm_v3.117.1_x5.exe: configuring server automatic mTLS: timestamp="2026-07-06T01:00:49.156+0100"
2026-07-06T01:00:50.847+0100 [INFO]  provider: configuring client automatic mTLS
2026-07-06T01:00:51.111+0100 [INFO]  provider.terraform-provider-azurerm_v3.117.1_x5.exe: configuring server automatic mTLS: timestamp="2026-07-06T01:00:51.007+0100"
2026-07-06T01:00:51.634+0100 [INFO]  backend/local: apply calling Plan
2026-07-06T01:00:51.640+0100 [INFO]  provider: configuring client automatic mTLS
2026-07-06T01:00:51.838+0100 [INFO]  provider.terraform-provider-azurerm_v3.117.1_x5.exe: configuring server automatic mTLS: timestamp="2026-07-06T01:00:51.766+0100"
2026-07-06T01:00:52.216+0100 [WARN]  ValidateProviderConfig from "provider[\"registry.terraform.io/hashicorp/azurerm\"]" changed the config value, but that value is unused
2026-07-06T01:01:02.571+0100 [WARN]  Provider "registry.terraform.io/hashicorp/azurerm" produced an invalid plan for azurerm_resource_group.main, but we are tolerating it because it is using the legacy plugin SDK.
    The following problems may be the cause of any confusing errors from downstream operations:
      - .location: planned value cty.StringVal("eastus") does not match config value cty.StringVal("East US")
2026-07-06T01:01:02.589+0100 [WARN]  Provider "registry.terraform.io/hashicorp/azurerm" produced an invalid plan for azurerm_public_ip.main, but we are tolerating it because it is using the legacy plugin SDK.
    The following problems may be the cause of any confusing errors from downstream operations:
      - .ddos_protection_mode: planned value cty.StringVal("VirtualNetworkInherited") for a non-computed attribute
      - .idle_timeout_in_minutes: planned value cty.NumberIntVal(4) for a non-computed attribute
      - .sku_tier: planned value cty.StringVal("Regional") for a non-computed attribute
      - .ip_version: planned value cty.StringVal("IPv4") for a non-computed attribute
2026-07-06T01:01:02.605+0100 [WARN]  Provider "registry.terraform.io/hashicorp/azurerm" produced an invalid plan for azurerm_subnet.main, but we are tolerating it because it is using the legacy plugin SDK.
    The following problems may be the cause of any confusing errors from downstream operations:
      - .default_outbound_access_enabled: planned value cty.True for a non-computed attribute
2026-07-06T01:01:02.610+0100 [WARN]  Provider "registry.terraform.io/hashicorp/azurerm" produced an invalid plan for azurerm_network_security_group.main, but we are tolerating it because it is using the legacy plugin SDK.
    The following problems may be the cause of any confusing errors from downstream operations:
      - .security_rule: planned value cty.SetVal([]cty.Value{cty.ObjectVal(map[string]cty.Value{"access":cty.StringVal("Allow"), "description":cty.StringVal(""), "destination_address_prefix":cty.StringVal("*"), "destination_address_prefixes":cty.SetValEmpty(cty.String), "destination_application_security_group_ids":cty.SetValEmpty(cty.String), "destination_port_range":cty.StringVal("3389"), "destination_port_ranges":cty.SetValEmpty(cty.String), "direction":cty.StringVal("Inbound"), "name":cty.StringVal("RDP"), "priority":cty.NumberIntVal(1000), "protocol":cty.StringVal("Tcp"), "source_address_prefix":cty.StringVal("*"), "source_address_prefixes":cty.SetValEmpty(cty.String), "source_application_security_group_ids":cty.SetValEmpty(cty.String), "source_port_range":cty.StringVal("*"), "source_port_ranges":cty.SetValEmpty(cty.String)}), cty.ObjectVal(map[string]cty.Value{"access":cty.StringVal("Allow"), "description":cty.StringVal(""), "destination_address_prefix":cty.StringVal("*"), "destination_address_prefixes":cty.SetValEmpty(cty.String), "destination_application_security_group_ids":cty.SetValEmpty(cty.String), "destination_port_range":cty.StringVal("5985"), "destination_port_ranges":cty.SetValEmpty(cty.String), "direction":cty.StringVal("Inbound"), "name":cty.StringVal("WinRM"), "priority":cty.NumberIntVal(1100), "protocol":cty.StringVal("Tcp"), "source_address_prefix":cty.StringVal("*"), "source_address_prefixes":cty.SetValEmpty(cty.String), "source_application_security_group_ids":cty.SetValEmpty(cty.String), "source_port_range":cty.StringVal("*"), "source_port_ranges":cty.SetValEmpty(cty.String)}), cty.ObjectVal(map[string]cty.Value{"access":cty.StringVal("Allow"), "description":cty.StringVal(""), "destination_address_prefix":cty.StringVal("*"), "destination_address_prefixes":cty.SetValEmpty(cty.String), "destination_application_security_group_ids":cty.SetValEmpty(cty.String), "destination_port_range":cty.StringVal("80"), "destination_port_ranges":cty.SetValEmpty(cty.String), "direction":cty.StringVal("Inbound"), "name":cty.StringVal("HTTP"), "priority":cty.NumberIntVal(1200), "protocol":cty.StringVal("Tcp"), "source_address_prefix":cty.StringVal("*"), "source_address_prefixes":cty.SetValEmpty(cty.String), "source_application_security_group_ids":cty.SetValEmpty(cty.String), "source_port_range":cty.StringVal("*"), "source_port_ranges":cty.SetValEmpty(cty.String)})}) does not match config value cty.SetVal([]cty.Value{cty.ObjectVal(map[string]cty.Value{"access":cty.StringVal("Allow"), "description":cty.NullVal(cty.String), "destination_address_prefix":cty.StringVal("*"), "destination_address_prefixes":cty.NullVal(cty.Set(cty.String)), "destination_application_security_group_ids":cty.NullVal(cty.Set(cty.String)), "destination_port_range":cty.StringVal("3389"), "destination_port_ranges":cty.NullVal(cty.Set(cty.String)), "direction":cty.StringVal("Inbound"), "name":cty.StringVal("RDP"), "priority":cty.NumberIntVal(1000), "protocol":cty.StringVal("Tcp"), "source_address_prefix":cty.StringVal("*"), "source_address_prefixes":cty.NullVal(cty.Set(cty.String)), "source_application_security_group_ids":cty.NullVal(cty.Set(cty.String)), "source_port_range":cty.StringVal("*"), "source_port_ranges":cty.NullVal(cty.Set(cty.String))}), cty.ObjectVal(map[string]cty.Value{"access":cty.StringVal("Allow"), "description":cty.NullVal(cty.String), "destination_address_prefix":cty.StringVal("*"), "destination_address_prefixes":cty.NullVal(cty.Set(cty.String)), "destination_application_security_group_ids":cty.NullVal(cty.Set(cty.String)), "destination_port_range":cty.StringVal("5985"), "destination_port_ranges":cty.NullVal(cty.Set(cty.String)), "direction":cty.StringVal("Inbound"), "name":cty.StringVal("WinRM"), "priority":cty.NumberIntVal(1100), "protocol":cty.StringVal("Tcp"), "source_address_prefix":cty.StringVal("*"), "source_address_prefixes":cty.NullVal(cty.Set(cty.String)), "source_application_security_group_ids":cty.NullVal(cty.Set(cty.String)), "source_port_range":cty.StringVal("*"), "source_port_ranges":cty.NullVal(cty.Set(cty.String))}), cty.ObjectVal(map[string]cty.Value{"access":cty.StringVal("Allow"), "description":cty.NullVal(cty.String), "destination_address_prefix":cty.StringVal("*"), "destination_address_prefixes":cty.NullVal(cty.Set(cty.String)), "destination_application_security_group_ids":cty.NullVal(cty.Set(cty.String)), "destination_port_range":cty.StringVal("80"), "destination_port_ranges":cty.NullVal(cty.Set(cty.String)), "direction":cty.StringVal("Inbound"), "name":cty.StringVal("HTTP"), "priority":cty.NumberIntVal(1200), "protocol":cty.StringVal("Tcp"), "source_address_prefix":cty.StringVal("*"), "source_address_prefixes":cty.NullVal(cty.Set(cty.String)), "source_application_security_group_ids":cty.NullVal(cty.Set(cty.String)), "source_port_range":cty.StringVal("*"), "source_port_ranges":cty.NullVal(cty.Set(cty.String))})})
2026-07-06T01:01:02.623+0100 [WARN]  Provider "registry.terraform.io/hashicorp/azurerm" produced an invalid plan for azurerm_network_interface.main, but we are tolerating it because it is using the legacy plugin SDK.
    The following problems may be the cause of any confusing errors from downstream operations:
      - .ip_configuration[0].private_ip_address_version: planned value cty.StringVal("IPv4") for a non-computed attribute
2026-07-06T01:01:02.873+0100 [WARN]  Provider "registry.terraform.io/hashicorp/azurerm" produced an invalid plan for azurerm_windows_virtual_machine.main, but we are tolerating it because it is using the legacy plugin SDK.
    The following problems may be the cause of any confusing errors from downstream operations:
      - .network_interface_ids: planned value cty.UnknownVal(cty.List(cty.String)) does not match config value cty.ListVal([]cty.Value{cty.UnknownVal(cty.String)})
      - .allow_extension_operations: planned value cty.True for a non-computed attribute
      - .bypass_platform_safety_checks_on_user_schedule_enabled: planned value cty.False for a non-computed attribute
      - .patch_assessment_mode: planned value cty.StringVal("ImageDefault") for a non-computed attribute
      - .platform_fault_domain: planned value cty.NumberIntVal(-1) for a non-computed attribute
      - .extensions_time_budget: planned value cty.StringVal("PT1H30M") for a non-computed attribute
      - .priority: planned value cty.StringVal("Regular") for a non-computed attribute
      - .provision_vm_agent: planned value cty.True for a non-computed attribute
      - .max_bid_price: planned value cty.NumberIntVal(-1) for a non-computed attribute
      - .vm_agent_platform_updates_enabled: planned value cty.False for a non-computed attribute
      - .os_disk[0].write_accelerator_enabled: planned value cty.False for a non-computed attribute
      - .termination_notification: attribute representing nested block must not be unknown itself; set nested attribute values to unknown instead
2026-07-06T01:01:03.293+0100 [INFO]  backend/local: apply calling Apply
2026-07-06T01:01:03.318+0100 [INFO]  provider: configuring client automatic mTLS
2026-07-06T01:01:03.593+0100 [INFO]  provider.terraform-provider-azurerm_v3.117.1_x5.exe: configuring server automatic mTLS: timestamp="2026-07-06T01:01:03.504+0100"
2026-07-06T01:01:03.924+0100 [WARN]  ValidateProviderConfig from "provider[\"registry.terraform.io/hashicorp/azurerm\"]" changed the config value, but that value is unused
2026-07-06T01:01:10.561+0100 [WARN]  Provider "registry.terraform.io/hashicorp/azurerm" produced an invalid plan for azurerm_resource_group.main, but we are tolerating it because it is using the legacy plugin SDK.
    The following problems may be the cause of any confusing errors from downstream operations:
      - .location: planned value cty.StringVal("eastus") does not match config value cty.StringVal("East US")
2026-07-06T01:01:10.612+0100 [INFO]  Starting apply for azurerm_resource_group.main
2026-07-06T01:01:26.650+0100 [WARN]  Provider "provider[\"registry.terraform.io/hashicorp/azurerm\"]" produced an unexpected new value for azurerm_resource_group.main, but we are tolerating it because it is using the legacy plugin SDK.
    The following problems may be the cause of any confusing errors from downstream operations:
      - .managed_by: was null, but now cty.StringVal("")
2026-07-06T01:01:26.768+0100 [WARN]  Provider "registry.terraform.io/hashicorp/azurerm" produced an invalid plan for azurerm_public_ip.main, but we are tolerating it because it is using the legacy plugin SDK.
    The following problems may be the cause of any confusing errors from downstream operations:
      - .ddos_protection_mode: planned value cty.StringVal("VirtualNetworkInherited") for a non-computed attribute
      - .idle_timeout_in_minutes: planned value cty.NumberIntVal(4) for a non-computed attribute
      - .sku_tier: planned value cty.StringVal("Regional") for a non-computed attribute
      - .ip_version: planned value cty.StringVal("IPv4") for a non-computed attribute
2026-07-06T01:01:26.771+0100 [INFO]  Starting apply for azurerm_virtual_network.main
2026-07-06T01:01:26.773+0100 [INFO]  Starting apply for azurerm_public_ip.main
2026-07-06T01:01:26.779+0100 [INFO]  provider.terraform-provider-azurerm_v3.117.1_x5.exe: preparing arguments for AzureRM Public IP creation.: timestamp="2026-07-06T01:01:26.779+0100"
2026-07-06T01:01:26.807+0100 [WARN]  Provider "registry.terraform.io/hashicorp/azurerm" produced an invalid plan for azurerm_network_security_group.main, but we are tolerating it because it is using the legacy plugin SDK.
    The following problems may be the cause of any confusing errors from downstream operations:
      - .security_rule: planned value cty.SetVal([]cty.Value{cty.ObjectVal(map[string]cty.Value{"access":cty.StringVal("Allow"), "description":cty.StringVal(""), "destination_address_prefix":cty.StringVal("*"), "destination_address_prefixes":cty.SetValEmpty(cty.String), "destination_application_security_group_ids":cty.SetValEmpty(cty.String), "destination_port_range":cty.StringVal("3389"), "destination_port_ranges":cty.SetValEmpty(cty.String), "direction":cty.StringVal("Inbound"), "name":cty.StringVal("RDP"), "priority":cty.NumberIntVal(1000), "protocol":cty.StringVal("Tcp"), "source_address_prefix":cty.StringVal("*"), "source_address_prefixes":cty.SetValEmpty(cty.String), "source_application_security_group_ids":cty.SetValEmpty(cty.String), "source_port_range":cty.StringVal("*"), "source_port_ranges":cty.SetValEmpty(cty.String)}), cty.ObjectVal(map[string]cty.Value{"access":cty.StringVal("Allow"), "description":cty.StringVal(""), "destination_address_prefix":cty.StringVal("*"), "destination_address_prefixes":cty.SetValEmpty(cty.String), "destination_application_security_group_ids":cty.SetValEmpty(cty.String), "destination_port_range":cty.StringVal("5985"), "destination_port_ranges":cty.SetValEmpty(cty.String), "direction":cty.StringVal("Inbound"), "name":cty.StringVal("WinRM"), "priority":cty.NumberIntVal(1100), "protocol":cty.StringVal("Tcp"), "source_address_prefix":cty.StringVal("*"), "source_address_prefixes":cty.SetValEmpty(cty.String), "source_application_security_group_ids":cty.SetValEmpty(cty.String), "source_port_range":cty.StringVal("*"), "source_port_ranges":cty.SetValEmpty(cty.String)}), cty.ObjectVal(map[string]cty.Value{"access":cty.StringVal("Allow"), "description":cty.StringVal(""), "destination_address_prefix":cty.StringVal("*"), "destination_address_prefixes":cty.SetValEmpty(cty.String), "destination_application_security_group_ids":cty.SetValEmpty(cty.String), "destination_port_range":cty.StringVal("80"), "destination_port_ranges":cty.SetValEmpty(cty.String), "direction":cty.StringVal("Inbound"), "name":cty.StringVal("HTTP"), "priority":cty.NumberIntVal(1200), "protocol":cty.StringVal("Tcp"), "source_address_prefix":cty.StringVal("*"), "source_address_prefixes":cty.SetValEmpty(cty.String), "source_application_security_group_ids":cty.SetValEmpty(cty.String), "source_port_range":cty.StringVal("*"), "source_port_ranges":cty.SetValEmpty(cty.String)})}) does not match config value cty.SetVal([]cty.Value{cty.ObjectVal(map[string]cty.Value{"access":cty.StringVal("Allow"), "description":cty.NullVal(cty.String), "destination_address_prefix":cty.StringVal("*"), "destination_address_prefixes":cty.NullVal(cty.Set(cty.String)), "destination_application_security_group_ids":cty.NullVal(cty.Set(cty.String)), "destination_port_range":cty.StringVal("3389"), "destination_port_ranges":cty.NullVal(cty.Set(cty.String)), "direction":cty.StringVal("Inbound"), "name":cty.StringVal("RDP"), "priority":cty.NumberIntVal(1000), "protocol":cty.StringVal("Tcp"), "source_address_prefix":cty.StringVal("*"), "source_address_prefixes":cty.NullVal(cty.Set(cty.String)), "source_application_security_group_ids":cty.NullVal(cty.Set(cty.String)), "source_port_range":cty.StringVal("*"), "source_port_ranges":cty.NullVal(cty.Set(cty.String))}), cty.ObjectVal(map[string]cty.Value{"access":cty.StringVal("Allow"), "description":cty.NullVal(cty.String), "destination_address_prefix":cty.StringVal("*"), "destination_address_prefixes":cty.NullVal(cty.Set(cty.String)), "destination_application_security_group_ids":cty.NullVal(cty.Set(cty.String)), "destination_port_range":cty.StringVal("5985"), "destination_port_ranges":cty.NullVal(cty.Set(cty.String)), "direction":cty.StringVal("Inbound"), "name":cty.StringVal("WinRM"), "priority":cty.NumberIntVal(1100), "protocol":cty.StringVal("Tcp"), "source_address_prefix":cty.StringVal("*"), "source_address_prefixes":cty.NullVal(cty.Set(cty.String)), "source_application_security_group_ids":cty.NullVal(cty.Set(cty.String)), "source_port_range":cty.StringVal("*"), "source_port_ranges":cty.NullVal(cty.Set(cty.String))}), cty.ObjectVal(map[string]cty.Value{"access":cty.StringVal("Allow"), "description":cty.NullVal(cty.String), "destination_address_prefix":cty.StringVal("*"), "destination_address_prefixes":cty.NullVal(cty.Set(cty.String)), "destination_application_security_group_ids":cty.NullVal(cty.Set(cty.String)), "destination_port_range":cty.StringVal("80"), "destination_port_ranges":cty.NullVal(cty.Set(cty.String)), "direction":cty.StringVal("Inbound"), "name":cty.StringVal("HTTP"), "priority":cty.NumberIntVal(1200), "protocol":cty.StringVal("Tcp"), "source_address_prefix":cty.StringVal("*"), "source_address_prefixes":cty.NullVal(cty.Set(cty.String)), "source_application_security_group_ids":cty.NullVal(cty.Set(cty.String)), "source_port_range":cty.StringVal("*"), "source_port_ranges":cty.NullVal(cty.Set(cty.String))})})
2026-07-06T01:01:26.810+0100 [INFO]  Starting apply for azurerm_network_security_group.main
2026-07-06T01:01:27.988+0100 [ERROR] provider.terraform-provider-azurerm_v3.117.1_x5.exe: Response contains error diagnostic: diagnostic_detail="" @module=sdk.proto diagnostic_severity=ERROR tf_provider_addr=provider tf_rpc=ApplyResourceChange @caller=github.com/hashicorp/terraform-plugin-go@v0.23.0/tfprotov5/internal/diag/diagnostics.go:58
  diagnostic_summary=
  | updating Public I P Address (Subscription: "e7b39cf7-e7ec-4ed0-bb7f-b51ee7c2de45"
  | Resource Group Name: "rg-unylea-azure-professional"
  | Public I P Addresses Name: "pip-unylea-azure-professional"): performing CreateOrUpdate: unexpected status 400 (400 Bad Request) with error: PublicIPCountLimitReached: Cannot create more than 3 public IP addresses for this subscription in this region.
   tf_proto_version=5.6 tf_req_id=d4e1678a-80d5-dd38-c6a2-cfcd95607a12 tf_resource_type=azurerm_public_ip timestamp="2026-07-06T01:01:27.985+0100"
2026-07-06T01:01:28.087+0100 [ERROR] vertex "azurerm_public_ip.main" error: updating Public I P Address (Subscription: "e7b39cf7-e7ec-4ed0-bb7f-b51ee7c2de45"
Resource Group Name: "rg-unylea-azure-professional"
Public I P Addresses Name: "pip-unylea-azure-professional"): performing CreateOrUpdate: unexpected status 400 (400 Bad Request) with error: PublicIPCountLimitReached: Cannot create more than 3 public IP addresses for this subscription in this region.
2026-07-06T01:01:32.727+0100 [WARN]  Provider "provider[\"registry.terraform.io/hashicorp/azurerm\"]" produced an unexpected new value for azurerm_virtual_network.main, but we are tolerating it because it is using the legacy plugin SDK.
    The following problems may be the cause of any confusing errors from downstream operations:
      - .bgp_community: was null, but now cty.StringVal("")
      - .flow_timeout_in_minutes: was null, but now cty.NumberIntVal(0)
      - .edge_zone: was null, but now cty.StringVal("")
2026-07-06T01:01:32.750+0100 [WARN]  Provider "registry.terraform.io/hashicorp/azurerm" produced an invalid plan for azurerm_subnet.main, but we are tolerating it because it is using the legacy plugin SDK.
    The following problems may be the cause of any confusing errors from downstream operations:
      - .default_outbound_access_enabled: planned value cty.True for a non-computed attribute
2026-07-06T01:01:32.751+0100 [INFO]  Starting apply for azurerm_subnet.main
2026-07-06T01:01:32.754+0100 [INFO]  provider.terraform-provider-azurerm_v3.117.1_x5.exe: preparing arguments for Azure ARM Subnet creation.: timestamp="2026-07-06T01:01:32.754+0100"
2026-07-06T01:01:39.568+0100 [INFO]  Starting apply for azurerm_subnet_network_security_group_association.main
